<?xml version="1.0" encoding="UTF-8"?>
<testsuite xmlns:xsi="http://www.w3.org/2001/XMLSchema-instance" xsi:noNamespaceSchemaLocation="https://maven.apache.org/surefire/maven-surefire-plugin/xsd/surefire-test-report-3.0.xsd" version="3.0" name="com.example.hotel_app.HotelAppApplicationTests" time="7.211" tests="1" errors="0" skipped="0" failures="0">
  <properties>
[...]
</properties>
  <testcase name="contextLoads" classname="com.example.hotel_app.HotelAppApplicationTests" time="2.052">
    <system-out><![CDATA[23:54:01.468 [main] INFO org.springframework.test.context.support.AnnotationConfigContextLoaderUtils -- Could not detect default configuration classes for test class [com.example.hotel_app.HotelAppApplicationTests]: HotelAppApplicationTests does not declare any static, non-private, non-final, nested classes annotated with @Configuration.
23:54:01.941 [main] INFO org.springframework.boot.test.context.SpringBootTestContextBootstrapper -- Found @SpringBootConfiguration com.example.hotel_app.HotelAppApplication for test class com.example.hotel_app.HotelAppApplicationTests

  .   ____          _            __ _ _
 /\\ / ___'_ __ _ _(_)_ __  __ _ \ \ \ \
( ( )\___ | '_ | '_| | '_ \/ _` | \ \ \ \
 \\/  ___)| |_)| | | | | || (_| |  ) ) ) )
  '  |____| .__|_| |_|_| |_\__, | / / / /
 =========|_|==============|___/=/_/_/_/

 :: Spring Boot ::                (v3.3.5)

2024-11-15T23:54:02.946+05:30  WARN 26228 --- [hotel_app] [           main] ory$DuplicateJsonObjectContextCustomizer : 

Found multiple occurrences of org.json.JSONObject on the class path:

	jar:file:/C:/Users/ADMIN/.m2/repository/com/vaadin/external/google/android-json/0.0.20131108.vaadin1/android-json-0.0.20131108.vaadin1.jar!/org/json/JSONObject.class
	jar:file:/C:/Users/ADMIN/.m2/repository/org/json/json/20180130/json-20180130.jar!/org/json/JSONObject.class

You may wish to exclude one of them to ensure predictable runtime behavior

2024-11-15T23:54:02.996+05:30  INFO 26228 --- [hotel_app] [           main] c.e.hotel_app.HotelAppApplicationTests   : Starting HotelAppApplicationTests using Java 17.0.11 with PID 26228 (started by ADMIN in C:\tusharproject\hotel_app)
2024-11-15T23:54:02.998+05:30  INFO 26228 --- [hotel_app] [           main] c.e.hotel_app.HotelAppApplicationTests   : No active profile set, falling back to 1 default profile: "default"
2024-11-15T23:54:06.192+05:30  INFO 26228 --- [hotel_app] [           main] o.s.m.s.b.SimpleBrokerMessageHandler     : Starting...
2024-11-15T23:54:06.197+05:30  INFO 26228 --- [hotel_app] [           main] o.s.m.s.b.SimpleBrokerMessageHandler     : BrokerAvailabilityEvent[available=true, SimpleBrokerMessageHandler [org.springframework.messaging.simp.broker.DefaultSubscriptionRegistry@151732fb]]
2024-11-15T23:54:06.199+05:30  INFO 26228 --- [hotel_app] [           main] o.s.m.s.b.SimpleBrokerMessageHandler     : Started.
2024-11-15T23:54:06.215+05:30  INFO 26228 --- [hotel_app] [           main] c.e.hotel_app.HotelAppApplicationTests   : Started HotelAppApplicationTests in 3.841 seconds (process running for 7.186)
]]></system-out>
  </testcase>
</testsuite>